Error[1105] C:\Users\Andrew A\Documents\GitHub\SPI_RTC1\Main.c 145 : symbol 'Data' has not been defined
Error[1151] C:\Users\Andrew A\Documents\GitHub\SPI_RTC1\Main.c 145 : struct or union object designator expected
Error[1151] C:\Users\Andrew A\Documents\GitHub\SPI_RTC1\Main.c 145 : struct or union object designator expected
Error[1105] C:\Users\Andrew A\Documents\GitHub\SPI_RTC1\Main.c 145 : symbol 'Data' has not been defined
Error[1101] C:\Users\Andrew A\Documents\GitHub\SPI_RTC1\Main.c 145 : lvalue required
Warning[2054] C:\Users\Andrew A\Documents\GitHub\SPI_RTC1\Main.c 145 : suspicious pointer conversion
Message[3004] C:\Users\Andrew A\Documents\GitHub\SPI_RTC1\Main.c 171 : comparison of a signed integer to an unsigned integer detected
Message[3004] C:\Users\Andrew A\Documents\GitHub\SPI_RTC1\Main.c 171 : comparison of a signed integer to an unsigned integer detected
Message[3004] C:\Users\Andrew A\Documents\GitHub\SPI_RTC1\Main.c 171 : comparison of a signed integer to an unsigned integer detected
Error[1105] C:\Users\Andrew A\Documents\GitHub\SPI_RTC1\Main.c 172 : symbol 'Data' has not been defined
Error[1151] C:\Users\Andrew A\Documents\GitHub\SPI_RTC1\Main.c 172 : struct or union object designator expected
Error[1151] C:\Users\Andrew A\Documents\GitHub\SPI_RTC1\Main.c 172 : struct or union object designator expected
Error[1105] C:\Users\Andrew A\Documents\GitHub\SPI_RTC1\Main.c 172 : symbol 'Data' has not been defined
Error[1101] C:\Users\Andrew A\Documents\GitHub\SPI_RTC1\Main.c 172 : lvalue required
Warning[2054] C:\Users\Andrew A\Documents\GitHub\SPI_RTC1\Main.c 172 : suspicious pointer conversion
Error[1105] C:\Users\Andrew A\Documents\GitHub\SPI_RTC1\Main.c 186 : symbol 'Data' has not been defined
Error[1151] C:\Users\Andrew A\Documents\GitHub\SPI_RTC1\Main.c 186 : struct or union object designator expected
Error[1151] C:\Users\Andrew A\Documents\GitHub\SPI_RTC1\Main.c 186 : struct or union object designator expected
Error[1105] C:\Users\Andrew A\Documents\GitHub\SPI_RTC1\Main.c 186 : symbol 'Data' has not been defined
Error[1101] C:\Users\Andrew A\Documents\GitHub\SPI_RTC1\Main.c 186 : lvalue required
Warning[2054] C:\Users\Andrew A\Documents\GitHub\SPI_RTC1\Main.c 186 : suspicious pointer conversion
Message[3004] C:\Users\Andrew A\Documents\GitHub\SPI_RTC1\Main.c 187 : comparison of a signed integer to an unsigned integer detected
Error[1105] C:\Users\Andrew A\Documents\GitHub\SPI_RTC1\Main.c 197 : symbol 'Data' has not been defined
Error[1151] C:\Users\Andrew A\Documents\GitHub\SPI_RTC1\Main.c 197 : struct or union object designator expected
Error[1151] C:\Users\Andrew A\Documents\GitHub\SPI_RTC1\Main.c 197 : struct or union object designator expected
Error[1101] C:\Users\Andrew A\Documents\GitHub\SPI_RTC1\Main.c 197 : lvalue required
Error[1105] C:\Users\Andrew A\Documents\GitHub\SPI_RTC1\Main.c 199 : symbol 'Data' has not been defined
Error[1151] C:\Users\Andrew A\Documents\GitHub\SPI_RTC1\Main.c 199 : struct or union object designator expected
Error[1151] C:\Users\Andrew A\Documents\GitHub\SPI_RTC1\Main.c 199 : struct or union object designator expected
Error[1101] C:\Users\Andrew A\Documents\GitHub\SPI_RTC1\Main.c 199 : lvalue required
Error[1105] C:\Users\Andrew A\Documents\GitHub\SPI_RTC1\Main.c 201 : symbol 'Data' has not been defined
Error[1151] C:\Users\Andrew A\Documents\GitHub\SPI_RTC1\Main.c 201 : struct or union object designator expected
